[INFO] Scanning for projects...
[INFO] 
[INFO] ------------------< com.ptit:hotel-management-system >------------------
[INFO] Building hotel-management-system 0.0.1-SNAPSHOT
[INFO]   from pom.xml
[INFO] --------------------------------[ jar ]---------------------------------
[INFO] 
[INFO] >>> spring-boot:3.5.7:run (default-cli) > test-compile @ hotel-management-system >>>
[INFO] 
[INFO] --- resources:3.3.1:resources (default-resources) @ hotel-management-system ---
[INFO] Copying 1 resource from src/main/resources to target/classes
[INFO] Copying 0 resource from src/main/resources to target/classes
[INFO] 
[INFO] --- compiler:3.14.1:compile (default-compile) @ hotel-management-system ---
[INFO] Nothing to compile - all classes are up to date.
[INFO] 
[INFO] --- resources:3.3.1:testResources (default-testResources) @ hotel-management-system ---
[INFO] skip non existing resourceDirectory /home/linhnh/Work/hotel-management-system/src/test/resources
[INFO] 
[INFO] --- compiler:3.14.1:testCompile (default-testCompile) @ hotel-management-system ---
[INFO] Nothing to compile - all classes are up to date.
[INFO] 
[INFO] <<< spring-boot:3.5.7:run (default-cli) < test-compile @ hotel-management-system <<<
[INFO] 
[INFO] 
[INFO] --- spring-boot:3.5.7:run (default-cli) @ hotel-management-system ---
[INFO] Attaching agents: []

  .   ____          _            __ _ _
 /\\ / ___'_ __ _ _(_)_ __  __ _ \ \ \ \
( ( )\___ | '_ | '_| | '_ \/ _` | \ \ \ \
 \\/  ___)| |_)| | | | | || (_| |  ) ) ) )
  '  |____| .__|_| |_|_| |_\__, | / / / /
 =========|_|==============|___/=/_/_/_/

 :: Spring Boot ::                (v3.5.7)

2026-04-12T20:40:04.868+07:00  INFO 6016 --- [hotel-management-system] [           main] c.p.h.HotelManagementSystemApplication   : Starting HotelManagementSystemApplication using Java 21.0.8 with PID 6016 (/home/linhnh/Work/hotel-management-system/target/classes started by linhnh in /home/linhnh/Work/hotel-management-system)
2026-04-12T20:40:04.871+07:00  INFO 6016 --- [hotel-management-system] [           main] c.p.h.HotelManagementSystemApplication   : No active profile set, falling back to 1 default profile: "default"
2026-04-12T20:40:05.425+07:00  INFO 6016 --- [hotel-management-system] [           main] .s.d.r.c.RepositoryConfigurationDelegate : Bootstrapping Spring Data JPA repositories in DEFAULT mode.
2026-04-12T20:40:05.469+07:00  INFO 6016 --- [hotel-management-system] [           main] .s.d.r.c.RepositoryConfigurationDelegate : Finished Spring Data repository scanning in 37 ms. Found 5 JPA repository interfaces.
2026-04-12T20:40:05.843+07:00  INFO 6016 --- [hotel-management-system] [           main] o.s.b.w.embedded.tomcat.TomcatWebServer  : Tomcat initialized with port 8081 (http)
2026-04-12T20:40:05.855+07:00  INFO 6016 --- [hotel-management-system] [           main] o.apache.catalina.core.StandardService   : Starting service [Tomcat]
2026-04-12T20:40:05.855+07:00  INFO 6016 --- [hotel-management-system] [           main] o.apache.catalina.core.StandardEngine    : Starting Servlet engine: [Apache Tomcat/10.1.48]
2026-04-12T20:40:05.887+07:00  INFO 6016 --- [hotel-management-system] [           main] o.a.c.c.C.[Tomcat].[localhost].[/]       : Initializing Spring embedded WebApplicationContext
2026-04-12T20:40:05.888+07:00  INFO 6016 --- [hotel-management-system] [           main] w.s.c.ServletWebServerApplicationContext : Root WebApplicationContext: initialization completed in 978 ms
2026-04-12T20:40:05.983+07:00  INFO 6016 --- [hotel-management-system] [           main] o.hibernate.jpa.internal.util.LogHelper  : HHH000204: Processing PersistenceUnitInfo [name: default]
2026-04-12T20:40:06.013+07:00  INFO 6016 --- [hotel-management-system] [           main] org.hibernate.Version                    : HHH000412: Hibernate ORM core version 6.6.33.Final
2026-04-12T20:40:06.031+07:00  INFO 6016 --- [hotel-management-system] [           main] o.h.c.internal.RegionFactoryInitiator    : HHH000026: Second-level cache disabled
2026-04-12T20:40:06.203+07:00  INFO 6016 --- [hotel-management-system] [           main] o.s.o.j.p.SpringPersistenceUnitInfo      : No LoadTimeWeaver setup: ignoring JPA class transformer
2026-04-12T20:40:06.224+07:00  INFO 6016 --- [hotel-management-system] [           main] com.zaxxer.hikari.HikariDataSource       : HikariPool-1 - Starting...
2026-04-12T20:40:06.331+07:00  INFO 6016 --- [hotel-management-system] [           main] com.zaxxer.hikari.pool.HikariPool        : HikariPool-1 - Added connection org.sqlite.jdbc4.JDBC4Connection@7462ba4b
2026-04-12T20:40:06.333+07:00  INFO 6016 --- [hotel-management-system] [           main] com.zaxxer.hikari.HikariDataSource       : HikariPool-1 - Start completed.
2026-04-12T20:40:06.355+07:00  INFO 6016 --- [hotel-management-system] [           main] org.hibernate.orm.connections.pooling    : HHH10001005: Database info:
	Database JDBC URL [Connecting through datasource 'HikariDataSource (HikariPool-1)']
	Database driver: undefined/unknown
	Database version: 3.45.1
	Autocommit mode: undefined/unknown
	Isolation level: undefined/unknown
	Minimum pool size: undefined/unknown
	Maximum pool size: undefined/unknown
2026-04-12T20:40:07.019+07:00  INFO 6016 --- [hotel-management-system] [           main] o.h.e.t.j.p.i.JtaPlatformInitiator       : HHH000489: No JTA platform available (set 'hibernate.transaction.jta.platform' to enable JTA platform integration)
2026-04-12T20:40:07.046+07:00  INFO 6016 --- [hotel-management-system] [           main] j.LocalContainerEntityManagerFactoryBean : Initialized JPA EntityManagerFactory for persistence unit 'default'
2026-04-12T20:40:07.456+07:00  WARN 6016 --- [hotel-management-system] [           main] JpaBaseConfiguration$JpaWebConfiguration : spring.jpa.open-in-view is enabled by default. Therefore, database queries may be performed during view rendering. Explicitly configure spring.jpa.open-in-view to disable this warning
2026-04-12T20:40:07.642+07:00  INFO 6016 --- [hotel-management-system] [           main] r$InitializeUserDetailsManagerConfigurer : Global AuthenticationManager configured with UserDetailsService bean with name userService
2026-04-12T20:40:07.962+07:00  WARN 6016 --- [hotel-management-system] [           main] ConfigServletWebServerApplicationContext : Exception encountered during context initialization - cancelling refresh attempt: org.springframework.context.ApplicationContextException: Failed to start bean 'webServerStartStop'
2026-04-12T20:40:07.970+07:00  INFO 6016 --- [hotel-management-system] [           main] j.LocalContainerEntityManagerFactoryBean : Closing JPA EntityManagerFactory for persistence unit 'default'
2026-04-12T20:40:07.981+07:00  INFO 6016 --- [hotel-management-system] [           main] com.zaxxer.hikari.HikariDataSource       : HikariPool-1 - Shutdown initiated...
2026-04-12T20:40:07.982+07:00  INFO 6016 --- [hotel-management-system] [           main] com.zaxxer.hikari.HikariDataSource       : HikariPool-1 - Shutdown completed.
